2023-10-05 17:19:21,630 [INFO] Activator:177 - 


2023-10-05 17:19:21,630 [INFO] Activator:178 - !SESSION log4j initialized
2023-10-05 17:19:28,121 [INFO] McuFinderGlobals:39 - Set McuFinder mode to 2 (CubeIDE integrated)
2023-10-05 17:19:28,867 [INFO] ApplicationProperties:181 - Using Application install path: D:\DaiHoc\HK5\VXL\stm32cubeide_1.7.0\STM32CubeIDE\plugins\com.st.stm32cube.common.mx_6.3.0.202107141111
2023-10-05 17:19:28,884 [INFO] DbMcusXml:74 - Set database path to: D:\DaiHoc\HK5\VXL\stm32cubeide_1.7.0\STM32CubeIDE\plugins\com.st.stm32cube.common.mx_6.3.0.202107141111\\db\/mcu/
2023-10-05 17:19:28,895 [INFO] DbBoardsPdsc:56 - Set plugin database path to: D:\DaiHoc\HK5\VXL\stm32cubeide_1.7.0\STM32CubeIDE\plugins\com.st.stm32cube.common.mx_6.3.0.202107141111\\db\/plugins/boardmanager/
2023-10-05 17:19:28,898 [INFO] DbMcus:258 - Set plugin images path to: D:\DaiHoc\HK5\VXL\stm32cubeide_1.7.0\STM32CubeIDE\plugins\com.st.stm32cube.common.mx_6.3.0.202107141111\\db\/plugins/mcufinder/images/
2023-10-05 17:19:28,898 [INFO] DbBoards:264 - Set plugin images path to: D:\DaiHoc\HK5\VXL\stm32cubeide_1.7.0\STM32CubeIDE\plugins\com.st.stm32cube.common.mx_6.3.0.202107141111\\db\/plugins/mcufinder/images/
2023-10-05 17:19:28,898 [INFO] DbExamples:333 - Set plugin images path to: D:\DaiHoc\HK5\VXL\stm32cubeide_1.7.0\STM32CubeIDE\plugins\com.st.stm32cube.common.mx_6.3.0.202107141111\\db\/plugins/mcufinder/images/
2023-10-05 17:19:28,898 [INFO] DbMcusAds:119 - Set database path to: C:\Users\Admin\.stmcufinder\plugins\mcufinder//mcu/
2023-10-05 17:19:28,898 [INFO] DbMcusDocs:110 - Set database path to: C:\Users\Admin\.stmcufinder\plugins\mcufinder//mcu/
2023-10-05 17:19:28,914 [INFO] DbMcusJson:64 - Set database path to: C:\Users\Admin\.stmcufinder\plugins\mcufinder//mcu/
2023-10-05 17:19:28,914 [INFO] DbBoardsDocs:110 - Set database path to: C:\Users\Admin\.stmcufinder\plugins\mcufinder//mcu/
2023-10-05 17:19:28,914 [INFO] DbBoardsJson:57 - Set database path to: C:\Users\Admin\.stmcufinder\plugins\mcufinder//mcu/
2023-10-05 17:19:28,914 [INFO] CrossReferenceDbSqlite:196 - Set database path to: C:\Users\Admin\.stmcufinder\plugins\mcufinder//mcu/cs/
2023-10-05 17:19:28,914 [INFO] DbExamplesSqlite:767 - Set database path to: C:\Users\Admin\.stmcufinder\plugins\mcufinder//mcu/
2023-10-05 17:19:29,057 [INFO] RulesReader:57 - Compatibility file has been processed (242 Rules)
2023-10-05 17:19:29,183 [INFO] DbMcusXml:74 - Set database path to: D:\DaiHoc\HK5\VXL\stm32cubeide_1.7.0\STM32CubeIDE\plugins\com.st.stm32cube.common.mx_6.3.0.202107141111\\db\/mcu/
2023-10-05 17:19:29,186 [INFO] DbBoardsPdsc:56 - Set plugin database path to: D:\DaiHoc\HK5\VXL\stm32cubeide_1.7.0\STM32CubeIDE\plugins\com.st.stm32cube.common.mx_6.3.0.202107141111\\db\/plugins/boardmanager/
2023-10-05 17:19:29,187 [INFO] DbMcus:258 - Set plugin images path to: D:\DaiHoc\HK5\VXL\stm32cubeide_1.7.0\STM32CubeIDE\plugins\com.st.stm32cube.common.mx_6.3.0.202107141111\\db\/plugins/mcufinder/images/
2023-10-05 17:19:29,187 [INFO] DbBoards:264 - Set plugin images path to: D:\DaiHoc\HK5\VXL\stm32cubeide_1.7.0\STM32CubeIDE\plugins\com.st.stm32cube.common.mx_6.3.0.202107141111\\db\/plugins/mcufinder/images/
2023-10-05 17:19:29,187 [INFO] DbExamples:333 - Set plugin images path to: D:\DaiHoc\HK5\VXL\stm32cubeide_1.7.0\STM32CubeIDE\plugins\com.st.stm32cube.common.mx_6.3.0.202107141111\\db\/plugins/mcufinder/images/
2023-10-05 17:19:29,187 [WARN] DbFile:35 - Overriding database path with different value: C:\Users\Admin\.stmcufinder\plugins\mcufinder/ => C:\Users\Admin\.stmcufinder\plugins\mcufinder
2023-10-05 17:19:29,187 [INFO] DbMcusAds:119 - Set database path to: C:\Users\Admin\.stmcufinder\plugins\mcufinder//mcu/
2023-10-05 17:19:29,187 [WARN] DbFile:35 - Overriding database path with different value: C:\Users\Admin\.stmcufinder\plugins\mcufinder/ => C:\Users\Admin\.stmcufinder\plugins\mcufinder
2023-10-05 17:19:29,187 [INFO] DbMcusDocs:110 - Set database path to: C:\Users\Admin\.stmcufinder\plugins\mcufinder//mcu/
2023-10-05 17:19:29,187 [WARN] DbFile:35 - Overriding database path with different value: C:\Users\Admin\.stmcufinder\plugins\mcufinder/ => C:\Users\Admin\.stmcufinder\plugins\mcufinder
2023-10-05 17:19:29,187 [INFO] DbMcusJson:64 - Set database path to: C:\Users\Admin\.stmcufinder\plugins\mcufinder//mcu/
2023-10-05 17:19:29,187 [WARN] DbFile:35 - Overriding database path with different value: C:\Users\Admin\.stmcufinder\plugins\mcufinder/ => C:\Users\Admin\.stmcufinder\plugins\mcufinder
2023-10-05 17:19:29,187 [INFO] DbBoardsDocs:110 - Set database path to: C:\Users\Admin\.stmcufinder\plugins\mcufinder//mcu/
2023-10-05 17:19:29,187 [WARN] DbFile:35 - Overriding database path with different value: C:\Users\Admin\.stmcufinder\plugins\mcufinder/ => C:\Users\Admin\.stmcufinder\plugins\mcufinder
2023-10-05 17:19:29,187 [INFO] DbBoardsJson:57 - Set database path to: C:\Users\Admin\.stmcufinder\plugins\mcufinder//mcu/
2023-10-05 17:19:29,187 [WARN] DbFile:35 - Overriding database path with different value: C:\Users\Admin\.stmcufinder\plugins\mcufinder/ => C:\Users\Admin\.stmcufinder\plugins\mcufinder
2023-10-05 17:19:29,187 [WARN] DbFile:35 - Overriding database path with different value: C:\Users\Admin\.stmcufinder\plugins\mcufinder/ => C:\Users\Admin\.stmcufinder\plugins\mcufinder
2023-10-05 17:19:29,187 [INFO] CrossReferenceDbSqlite:196 - Set database path to: C:\Users\Admin\.stmcufinder\plugins\mcufinder//mcu/cs/
2023-10-05 17:19:29,187 [WARN] DbFile:35 - Overriding database path with different value: C:\Users\Admin\.stmcufinder\plugins\mcufinder/ => C:\Users\Admin\.stmcufinder\plugins\mcufinder
2023-10-05 17:19:29,187 [INFO] DbExamplesSqlite:767 - Set database path to: C:\Users\Admin\.stmcufinder\plugins\mcufinder//mcu/
2023-10-05 17:19:29,290 [INFO] MainPanel:214 - HeapMemory: 268435456
2023-10-05 17:19:29,420 [INFO] DbMcusXml:74 - Set database path to: D:\DaiHoc\HK5\VXL\stm32cubeide_1.7.0\STM32CubeIDE\plugins\com.st.stm32cube.common.mx_6.3.0.202107141111\\db\/mcu/
2023-10-05 17:19:29,420 [INFO] DbBoardsPdsc:56 - Set plugin database path to: D:\DaiHoc\HK5\VXL\stm32cubeide_1.7.0\STM32CubeIDE\plugins\com.st.stm32cube.common.mx_6.3.0.202107141111\\db\/plugins/boardmanager/
2023-10-05 17:19:29,420 [INFO] DbMcus:258 - Set plugin images path to: D:\DaiHoc\HK5\VXL\stm32cubeide_1.7.0\STM32CubeIDE\plugins\com.st.stm32cube.common.mx_6.3.0.202107141111\\db\/plugins/mcufinder/images/
2023-10-05 17:19:29,420 [INFO] DbBoards:264 - Set plugin images path to: D:\DaiHoc\HK5\VXL\stm32cubeide_1.7.0\STM32CubeIDE\plugins\com.st.stm32cube.common.mx_6.3.0.202107141111\\db\/plugins/mcufinder/images/
2023-10-05 17:19:29,420 [INFO] DbExamples:333 - Set plugin images path to: D:\DaiHoc\HK5\VXL\stm32cubeide_1.7.0\STM32CubeIDE\plugins\com.st.stm32cube.common.mx_6.3.0.202107141111\\db\/plugins/mcufinder/images/
2023-10-05 17:19:29,420 [WARN] DbFile:35 - Overriding database path with different value: C:\Users\Admin\.stmcufinder\plugins\mcufinder/ => C:\Users\Admin\.stmcufinder\plugins\mcufinder
2023-10-05 17:19:29,420 [INFO] DbMcusAds:119 - Set database path to: C:\Users\Admin\.stmcufinder\plugins\mcufinder//mcu/
2023-10-05 17:19:29,420 [WARN] DbFile:35 - Overriding database path with different value: C:\Users\Admin\.stmcufinder\plugins\mcufinder/ => C:\Users\Admin\.stmcufinder\plugins\mcufinder
2023-10-05 17:19:29,420 [INFO] DbMcusDocs:110 - Set database path to: C:\Users\Admin\.stmcufinder\plugins\mcufinder//mcu/
2023-10-05 17:19:29,420 [WARN] DbFile:35 - Overriding database path with different value: C:\Users\Admin\.stmcufinder\plugins\mcufinder/ => C:\Users\Admin\.stmcufinder\plugins\mcufinder
2023-10-05 17:19:29,420 [INFO] DbMcusJson:64 - Set database path to: C:\Users\Admin\.stmcufinder\plugins\mcufinder//mcu/
2023-10-05 17:19:29,420 [WARN] DbFile:35 - Overriding database path with different value: C:\Users\Admin\.stmcufinder\plugins\mcufinder/ => C:\Users\Admin\.stmcufinder\plugins\mcufinder
2023-10-05 17:19:29,420 [INFO] DbBoardsDocs:110 - Set database path to: C:\Users\Admin\.stmcufinder\plugins\mcufinder//mcu/
2023-10-05 17:19:29,420 [WARN] DbFile:35 - Overriding database path with different value: C:\Users\Admin\.stmcufinder\plugins\mcufinder/ => C:\Users\Admin\.stmcufinder\plugins\mcufinder
2023-10-05 17:19:29,420 [INFO] DbBoardsJson:57 - Set database path to: C:\Users\Admin\.stmcufinder\plugins\mcufinder//mcu/
2023-10-05 17:19:29,420 [WARN] DbFile:35 - Overriding database path with different value: C:\Users\Admin\.stmcufinder\plugins\mcufinder/ => C:\Users\Admin\.stmcufinder\plugins\mcufinder
2023-10-05 17:19:29,420 [WARN] DbFile:35 - Overriding database path with different value: C:\Users\Admin\.stmcufinder\plugins\mcufinder/ => C:\Users\Admin\.stmcufinder\plugins\mcufinder
2023-10-05 17:19:29,420 [INFO] CrossReferenceDbSqlite:196 - Set database path to: C:\Users\Admin\.stmcufinder\plugins\mcufinder//mcu/cs/
2023-10-05 17:19:29,420 [WARN] DbFile:35 - Overriding database path with different value: C:\Users\Admin\.stmcufinder\plugins\mcufinder/ => C:\Users\Admin\.stmcufinder\plugins\mcufinder
2023-10-05 17:19:29,420 [INFO] DbExamplesSqlite:767 - Set database path to: C:\Users\Admin\.stmcufinder\plugins\mcufinder//mcu/
2023-10-05 17:19:29,454 [INFO] ApplicationProperties:181 - Using Application install path: D:\DaiHoc\HK5\VXL\stm32cubeide_1.7.0\STM32CubeIDE\plugins\com.st.stm32cube.common.mx_6.3.0.202107141111
2023-10-05 17:19:29,454 [INFO] PluginManage:188 - Search for loadable plugins [exclusion list=, ]
2023-10-05 17:19:29,454 [INFO] PluginManage:302 - Check plugin analytics
2023-10-05 17:19:29,674 [INFO] AnalyticsPlugin:257 - Accepted Software Licenses: 
2023-10-05 17:19:29,674 [INFO] AnalyticsPlugin:259 - Accepted CMSIS Pack Licenses: 
2023-10-05 17:19:29,685 [INFO] AnalyticsPlugin:261 - Accepted Firmware Licenses: 
2023-10-05 17:19:29,685 [INFO] PluginManage:352 - Loaded plugin analytics (category:tool,tabindex:-1)
2023-10-05 17:19:29,685 [INFO] PluginManage:302 - Check plugin clock
2023-10-05 17:19:29,709 [INFO] PluginManage:352 - Loaded plugin clock (category:base,tabindex:2)
2023-10-05 17:19:29,709 [INFO] PluginManage:302 - Check plugin ddr
2023-10-05 17:19:29,709 [INFO] PluginManage:352 - Loaded plugin ddr (category:tool,tabindex:6)
2023-10-05 17:19:29,709 [INFO] PluginManage:302 - Check plugin filemanager
2023-10-05 17:19:29,880 [INFO] PluginManage:352 - Loaded plugin filemanager (category:base,tabindex:10)
2023-10-05 17:19:29,880 [INFO] PluginManage:302 - Check plugin ipmanager
2023-10-05 17:19:29,895 [INFO] PluginManage:352 - Loaded plugin ipmanager (category:base,tabindex:5)
2023-10-05 17:19:29,895 [INFO] PluginManage:302 - Check plugin pinoutandconfiguration
2023-10-05 17:19:29,911 [INFO] PluginManage:352 - Loaded plugin pinoutandconfiguration (category:base,tabindex:1)
2023-10-05 17:19:29,911 [INFO] PluginManage:302 - Check plugin pinoutconfig
2023-10-05 17:19:29,974 [INFO] PluginManage:352 - Loaded plugin pinoutconfig (category:base,tabindex:0)
2023-10-05 17:19:29,974 [INFO] PluginManage:302 - Check plugin power
2023-10-05 17:19:29,997 [INFO] PluginManage:352 - Loaded plugin power (category:power,tabindex:4)
2023-10-05 17:19:29,997 [INFO] PluginManage:302 - Check plugin projectmanager
2023-10-05 17:19:30,022 [INFO] PluginManage:352 - Loaded plugin projectmanager (category:projectmanager,tabindex:3)
2023-10-05 17:19:30,022 [INFO] PluginManage:302 - Check plugin thirdparty
2023-10-05 17:19:30,353 [INFO] PluginManage:352 - Loaded plugin thirdparty (category:base,tabindex:-1)
2023-10-05 17:19:30,353 [WARN] IntegrityCheckThread:78 - waiting for thirdparty lock release [integrity check]
2023-10-05 17:19:30,353 [INFO] PluginManage:302 - Check plugin tools
2023-10-05 17:19:30,353 [INFO] IntegrityCheckThread:80 - entering critical section [integrity check]
2023-10-05 17:19:30,362 [INFO] ThirdPartyUpdaterWithRetryManager:66 - Updater plugin not ready yet. [1/15]
2023-10-05 17:19:30,479 [INFO] PluginManage:352 - Loaded plugin tools (category:base,tabindex:7)
2023-10-05 17:19:30,479 [INFO] PluginManage:302 - Check plugin tutovideos
2023-10-05 17:19:30,780 [INFO] PluginManage:352 - Loaded plugin tutovideos (category:base,tabindex:-1)
2023-10-05 17:19:30,780 [INFO] PluginManage:302 - Check plugin updater
2023-10-05 17:19:30,798 [INFO] PluginManage:352 - Loaded plugin updater (category:base,tabindex:12)
2023-10-05 17:19:30,798 [INFO] PluginManage:275 - PluginManage : Loaded plugins [13]
2023-10-05 17:19:31,196 [INFO] PinOutPanel:1463 - setPackage(No Configuration,No Configuration)
2023-10-05 17:19:31,334 [INFO] IPUIPlugin:74 - create IPUIPlugin
2023-10-05 17:19:31,334 [INFO] PluginManager:213 - loadIPPluginJar : add adc
2023-10-05 17:19:31,396 [INFO] IPUIPlugin:74 - create IPUIPlugin
2023-10-05 17:19:31,396 [INFO] PluginManager:213 - loadIPPluginJar : add aes
2023-10-05 17:19:31,458 [INFO] IPUIPlugin:74 - create IPUIPlugin
2023-10-05 17:19:31,458 [INFO] PluginManager:213 - loadIPPluginJar : add can
2023-10-05 17:19:31,505 [INFO] IPUIPlugin:74 - create IPUIPlugin
2023-10-05 17:19:31,515 [INFO] PluginManager:213 - loadIPPluginJar : add comp
2023-10-05 17:19:31,568 [INFO] IPUIPlugin:74 - create IPUIPlugin
2023-10-05 17:19:31,568 [INFO] PluginManager:213 - loadIPPluginJar : add cryp
2023-10-05 17:19:31,616 [INFO] IPUIPlugin:74 - create IPUIPlugin
2023-10-05 17:19:31,616 [INFO] PluginManager:213 - loadIPPluginJar : add dfsdm
2023-10-05 17:19:31,631 [INFO] IPUIPlugin:74 - create IPUIPlugin
2023-10-05 17:19:31,631 [INFO] PluginManager:213 - loadIPPluginJar : add dma
2023-10-05 17:19:31,696 [INFO] IPUIPlugin:74 - create IPUIPlugin
2023-10-05 17:19:31,696 [INFO] PluginManager:213 - loadIPPluginJar : add dma3
2023-10-05 17:19:31,726 [INFO] IPUIPlugin:74 - create IPUIPlugin
2023-10-05 17:19:31,726 [INFO] PluginManager:213 - loadIPPluginJar : add fatfs
2023-10-05 17:19:31,835 [INFO] IPUIPlugin:74 - create IPUIPlugin
2023-10-05 17:19:31,835 [INFO] PluginManager:213 - loadIPPluginJar : add fmc
2023-10-05 17:19:31,865 [INFO] IPUIPlugin:74 - create IPUIPlugin
2023-10-05 17:19:31,866 [INFO] PluginManager:213 - loadIPPluginJar : add freertos
2023-10-05 17:19:31,905 [INFO] IPUIPlugin:74 - create IPUIPlugin
2023-10-05 17:19:31,905 [INFO] PluginManager:213 - loadIPPluginJar : add genericplugin
2023-10-05 17:19:32,078 [INFO] IPUIPlugin:74 - create IPUIPlugin
2023-10-05 17:19:32,078 [INFO] PluginManager:213 - loadIPPluginJar : add gfxmmu
2023-10-05 17:19:32,321 [INFO] IPUIPlugin:74 - create IPUIPlugin
2023-10-05 17:19:32,322 [INFO] PluginManager:213 - loadIPPluginJar : add gic
2023-10-05 17:19:32,333 [INFO] IPUIPlugin:74 - create IPUIPlugin
2023-10-05 17:19:32,333 [INFO] PluginManager:213 - loadIPPluginJar : add gpio
2023-10-05 17:19:32,477 [INFO] IPUIPlugin:74 - create IPUIPlugin
2023-10-05 17:19:32,477 [INFO] PluginManager:213 - loadIPPluginJar : add gtzc
2023-10-05 17:19:32,539 [INFO] IPUIPlugin:74 - create IPUIPlugin
2023-10-05 17:19:32,539 [INFO] PluginManager:213 - loadIPPluginJar : add hash
2023-10-05 17:19:32,633 [INFO] IPUIPlugin:74 - create IPUIPlugin
2023-10-05 17:19:32,633 [INFO] PluginManager:213 - loadIPPluginJar : add i2c
2023-10-05 17:19:32,713 [INFO] IPUIPlugin:74 - create IPUIPlugin
2023-10-05 17:19:32,713 [INFO] PluginManager:213 - loadIPPluginJar : add i2s
2023-10-05 17:19:32,728 [INFO] IPUIPlugin:74 - create IPUIPlugin
2023-10-05 17:19:32,728 [INFO] PluginManager:213 - loadIPPluginJar : add ipddr
2023-10-05 17:19:32,903 [INFO] IPUIPlugin:74 - create IPUIPlugin
2023-10-05 17:19:32,903 [INFO] PluginManager:213 - loadIPPluginJar : add linkedlist
2023-10-05 17:19:32,966 [INFO] IPUIPlugin:74 - create IPUIPlugin
2023-10-05 17:19:32,966 [INFO] PluginManager:213 - loadIPPluginJar : add lorawan
2023-10-05 17:19:33,045 [INFO] IPUIPlugin:74 - create IPUIPlugin
2023-10-05 17:19:33,048 [INFO] PluginManager:213 - loadIPPluginJar : add ltdc
2023-10-05 17:19:33,068 [INFO] IPUIPlugin:74 - create IPUIPlugin
2023-10-05 17:19:33,068 [INFO] PluginManager:213 - loadIPPluginJar : add mdma
2023-10-05 17:19:33,078 [INFO] IPUIPlugin:74 - create IPUIPlugin
2023-10-05 17:19:33,078 [INFO] PluginManager:213 - loadIPPluginJar : add nvic
2023-10-05 17:19:33,155 [INFO] IPUIPlugin:74 - create IPUIPlugin
2023-10-05 17:19:33,155 [INFO] PluginManager:213 - loadIPPluginJar : add opamp
2023-10-05 17:19:33,250 [INFO] IPUIPlugin:74 - create IPUIPlugin
2023-10-05 17:19:33,265 [INFO] PluginManager:213 - loadIPPluginJar : add openamp
2023-10-05 17:19:33,345 [INFO] IPUIPlugin:74 - create IPUIPlugin
2023-10-05 17:19:33,345 [INFO] PluginManager:213 - loadIPPluginJar : add pdm2pcm
2023-10-05 17:19:33,361 [INFO] IPUIPlugin:74 - create IPUIPlugin
2023-10-05 17:19:33,361 [INFO] PluginManager:213 - loadIPPluginJar : add plateformsettings
2023-10-05 17:19:33,376 [INFO] ThirdPartyUpdaterWithRetryManager:66 - Updater plugin not ready yet. [2/15]
2023-10-05 17:19:33,408 [INFO] IPUIPlugin:74 - create IPUIPlugin
2023-10-05 17:19:33,408 [INFO] PluginManager:213 - loadIPPluginJar : add quadspi
2023-10-05 17:19:33,439 [INFO] IPUIPlugin:74 - create IPUIPlugin
2023-10-05 17:19:33,440 [INFO] PluginManager:213 - loadIPPluginJar : add resmgrutility
2023-10-05 17:19:33,534 [INFO] IPUIPlugin:74 - create IPUIPlugin
2023-10-05 17:19:33,534 [INFO] PluginManager:213 - loadIPPluginJar : add sai
2023-10-05 17:19:33,581 [INFO] IPUIPlugin:74 - create IPUIPlugin
2023-10-05 17:19:33,581 [INFO] PluginManager:213 - loadIPPluginJar : add spi
2023-10-05 17:19:33,698 [INFO] IPUIPlugin:74 - create IPUIPlugin
2023-10-05 17:19:33,698 [INFO] PluginManager:213 - loadIPPluginJar : add stm32_wpan
2023-10-05 17:19:33,754 [INFO] IPUIPlugin:74 - create IPUIPlugin
2023-10-05 17:19:33,754 [INFO] PluginManager:213 - loadIPPluginJar : add tim
2023-10-05 17:19:33,865 [INFO] IPUIPlugin:74 - create IPUIPlugin
2023-10-05 17:19:33,865 [INFO] PluginManager:213 - loadIPPluginJar : add touchsensing
2023-10-05 17:19:33,917 [INFO] IPUIPlugin:74 - create IPUIPlugin
2023-10-05 17:19:33,917 [INFO] PluginManager:213 - loadIPPluginJar : add tracer_emb
2023-10-05 17:19:33,963 [INFO] IPUIPlugin:74 - create IPUIPlugin
2023-10-05 17:19:33,963 [INFO] PluginManager:213 - loadIPPluginJar : add ts
2023-10-05 17:19:34,027 [INFO] IPUIPlugin:74 - create IPUIPlugin
2023-10-05 17:19:34,027 [INFO] PluginManager:213 - loadIPPluginJar : add tsc
2023-10-05 17:19:34,077 [INFO] IPUIPlugin:74 - create IPUIPlugin
2023-10-05 17:19:34,077 [INFO] PluginManager:213 - loadIPPluginJar : add ucpd
2023-10-05 17:19:34,167 [INFO] IPUIPlugin:74 - create IPUIPlugin
2023-10-05 17:19:34,167 [INFO] PluginManager:213 - loadIPPluginJar : add usart
2023-10-05 17:19:34,254 [INFO] IPUIPlugin:74 - create IPUIPlugin
2023-10-05 17:19:34,254 [INFO] PluginManager:213 - loadIPPluginJar : add usbx
2023-10-05 17:19:34,721 [FATAL] Updater:294 - Updater called before beeing initialized
2023-10-05 17:19:34,912 [FATAL] Updater:294 - Updater called before beeing initialized
2023-10-05 17:19:34,929 [INFO] DbMcusAds:47 - JSON generation date=Tue Mar 07 15:50:55 ICT 2023 (1678179055114)
2023-10-05 17:19:34,929 [FATAL] Updater:294 - Updater called before beeing initialized
2023-10-05 17:19:35,039 [WARN] DetailPanel:314 - Failed to get advertising image, set to default
2023-10-05 17:19:35,181 [FATAL] Updater:294 - Updater called before beeing initialized
2023-10-05 17:19:35,197 [FATAL] Updater:294 - Updater called before beeing initialized
2023-10-05 17:19:35,197 [FATAL] Updater:294 - Updater called before beeing initialized
2023-10-05 17:19:35,197 [WARN] DetailPanel:314 - Failed to get advertising image, set to default
2023-10-05 17:19:35,200 [FATAL] Updater:294 - Updater called before beeing initialized
2023-10-05 17:19:35,278 [ERROR] Updater:1075 - MainUpdater not yet initialized. External WinMGr cannot be set.
2023-10-05 17:19:35,300 [INFO] Updater:1012 - Updater Version found : 6.3.0
2023-10-05 17:19:35,339 [INFO] ApplicationProperties:181 - Using Application install path: D:\DaiHoc\HK5\VXL\stm32cubeide_1.7.0\STM32CubeIDE\plugins\com.st.stm32cube.common.mx_6.3.0.202107141111
2023-10-05 17:19:35,731 [INFO] MainUpdater:2671 - connection check result : 10
2023-10-05 17:19:35,731 [INFO] MainUpdater:265 - Updater Check For Update Now.
2023-10-05 17:19:35,731 [INFO] MicroXplorer:478 - Change Database Version : DB.6.0.30
2023-10-05 17:19:35,941 [INFO] CheckServerUpdateThread:112 - End of CheckServer Thread
2023-10-05 17:19:35,987 [INFO] MainUpdater:2671 - connection check result : 10
2023-10-05 17:19:36,610 [ERROR] Engine:463 - C:\Users\Admin\.stm32cubemx\thirdparties\pdsc\STMicroelectronics.X-CUBE-SMBUS.2.1.0.pdsc: PDSC version is not supported
2023-10-05 17:19:36,629 [INFO] McuFinderGlobals:52 - Set McuFinderConnectedMode to false
2023-10-05 17:19:36,707 [WARN] PackLoader:238 - Cannot read IP mode file for STMicroelectronics.X-CUBE-AZRTOS-F7.1.1.0
2023-10-05 17:19:36,738 [ERROR] Engine:463 - C:\Users\Admin\.stm32cubemx\thirdparties\pdsc\STMicroelectronics.FP-SNS-MOTENV1.4.3.2.pdsc: PDSC version is not supported
2023-10-05 17:19:36,755 [ERROR] Engine:463 - C:\Users\Admin\.stm32cubemx\thirdparties\pdsc\STMicroelectronics.FP-SNS-FLIGHT1.5.0.2.pdsc: PDSC version is not supported
2023-10-05 17:19:36,769 [ERROR] Engine:463 - C:\Users\Admin\.stm32cubemx\thirdparties\pdsc\STMicroelectronics.X-CUBE-DISPLAY.3.0.0.pdsc: PDSC version is not supported
2023-10-05 17:19:36,769 [INFO] CrossSelectorPresenter:1330 - Cross Selector saved comparison directory: C:\Users\Admin\.stmcufinder\plugins\mcufinder\mcu\cs_comparisons_mx
2023-10-05 17:19:36,769 [INFO] MultiScanPanel:197 - Auto-refresh data requested => check proxy status ongoing
2023-10-05 17:19:36,785 [INFO] MultiScanPanel:201 - Proxy status is invalid
2023-10-05 17:19:36,786 [INFO] FinderPluginLoader:87 - Searching for filters in installed packs
2023-10-05 17:19:36,786 [INFO] DbMcusXml:100 - Load MCU database from D:\DaiHoc\HK5\VXL\stm32cubeide_1.7.0\STM32CubeIDE\plugins\com.st.stm32cube.common.mx_6.3.0.202107141111\\db\/mcu/families.xml
2023-10-05 17:19:36,794 [WARN] PackLoader:238 - Cannot read IP mode file for STMicroelectronics.X-CUBE-BLE1.7.0.0
2023-10-05 17:19:36,802 [ERROR] Engine:463 - C:\Users\Admin\.stm32cubemx\thirdparties\pdsc\emotas.I-CUBE-CANOPEN.1.3.0.pdsc: PDSC version is not supported
2023-10-05 17:19:36,817 [WARN] PackLoader:238 - Cannot read IP mode file for STMicroelectronics.X-CUBE-TOUCHGFX.4.22.0
2023-10-05 17:19:36,834 [WARN] PackLoader:238 - Cannot read IP mode file for STMicroelectronics.X-CUBE-TOUCHGFX.4.22.1
2023-10-05 17:19:36,848 [ERROR] Engine:463 - C:\Users\Admin\.stm32cubemx\thirdparties\pdsc\STMicroelectronics.FP-SNS-SMARTAG2.1.2.0.pdsc: PDSC version is not supported
2023-10-05 17:19:36,892 [INFO] LogOutputStream:76 - [STDOUT_REDIRECT] 1 : Invalid condition id : UX_CORESTACK_Condition cause : null
2023-10-05 17:19:36,895 [INFO] LogOutputStream:76 - [STDOUT_REDIRECT] 1 : Invalid condition id : UX_CORESTACK_Condition cause : null
2023-10-05 17:19:36,895 [INFO] LogOutputStream:76 - [STDOUT_REDIRECT] 1 : Invalid condition id : UX_CORESTACK_Condition cause : null
2023-10-05 17:19:36,895 [INFO] LogOutputStream:76 - [STDOUT_REDIRECT] 1 : Invalid condition id : UX_CORESTACK_Condition cause : null
2023-10-05 17:19:36,895 [INFO] LogOutputStream:76 - [STDOUT_REDIRECT] 1 : Invalid condition id : UX_CORESTACK_Condition cause : null
2023-10-05 17:19:36,902 [WARN] PackLoader:238 - Cannot read IP mode file for STMicroelectronics.X-CUBE-AZRTOS-WL.2.0.0
2023-10-05 17:19:36,931 [WARN] PackLoader:238 - Cannot read IP mode file for WES.I-CUBE-Cesium.1.3.0
2023-10-05 17:19:36,939 [WARN] PackLoader:238 - Cannot read IP mode file for STMicroelectronics.X-CUBE-BLE2.3.3.0
2023-10-05 17:19:36,969 [WARN] PackLoader:238 - Cannot read IP mode file for STMicroelectronics.X-CUBE-ALGOBUILD.1.3.0
2023-10-05 17:19:37,019 [WARN] PackLoader:238 - Cannot read IP mode file for STMicroelectronics.X-CUBE-AZRTOS-G0.1.1.0
2023-10-05 17:19:37,032 [WARN] PackLoader:238 - Cannot read IP mode file for STMicroelectronics.X-CUBE-NFC4.3.0.0
2023-10-05 17:19:37,064 [WARN] PackLoader:238 - Cannot read IP mode file for STMicroelectronics.FP-ATR-SIGFOX1.3.2.0
2023-10-05 17:19:37,127 [WARN] PackLoader:238 - Cannot read IP mode file for SEGGER.I-CUBE-embOS.1.3.1
2023-10-05 17:19:37,237 [WARN] PackLoader:238 - Cannot read IP mode file for STMicroelectronics.X-CUBE-GNSS1.6.0.0
2023-10-05 17:19:37,283 [WARN] PackLoader:238 - Cannot read IP mode file for STMicroelectronics.X-CUBE-AZRTOS-F4.1.1.0
2023-10-05 17:19:37,316 [WARN] PackLoader:238 - Cannot read IP mode file for wolfSSL.I-CUBE-wolfSSL.5.6.3
2023-10-05 17:19:37,362 [WARN] PackLoader:238 - Cannot read IP mode file for STMicroelectronics.X-CUBE-AZRTOS-L5.2.0.0
2023-10-05 17:19:37,459 [WARN] PackLoader:238 - Cannot read IP mode file for STMicroelectronics.X-CUBE-MEMS1.9.6.0
2023-10-05 17:19:37,807 [ERROR] Engine:463 - C:\Users\Admin\.stm32cubemx\thirdparties\pdsc\ITTIA_DB.I-CUBE-ITTIADB.8.8.0.pdsc: PDSC version is not supported
2023-10-05 17:19:37,825 [WARN] PackLoader:238 - Cannot read IP mode file for STMicroelectronics.X-CUBE-BLEMGR.2.0.0
2023-10-05 17:19:37,869 [WARN] ConditionMgr:437 - getConditionDescription Invalid condition id : UX DEVICE CLASS RTOS Condition cause : null
2023-10-05 17:19:37,869 [WARN] ConditionMgr:437 - getConditionDescription Invalid condition id : UX DEVICE CLASS RTOS Condition cause : null
2023-10-05 17:19:37,885 [WARN] PackLoader:238 - Cannot read IP mode file for STMicroelectronics.X-CUBE-AZRTOS-H7.3.1.0
2023-10-05 17:19:37,900 [WARN] ConditionMgr:1038 - genDependencies : Invalid condition id : UX DEVICE CLASS RTOS Condition cause : null
2023-10-05 17:19:37,900 [WARN] ConditionMgr:1038 - genDependencies : Invalid condition id : UX DEVICE CLASS RTOS Condition cause : null
2023-10-05 17:19:37,902 [WARN] ConditionMgr:1038 - genDependencies : Invalid condition id : UX DEVICE CLASS RTOS Condition cause : null
2023-10-05 17:19:37,902 [WARN] ConditionMgr:1038 - genDependencies : Invalid condition id : UX DEVICE CLASS RTOS Condition cause : null
2023-10-05 17:19:37,902 [WARN] ConditionMgr:1038 - genDependencies : Invalid condition id : UX DEVICE CLASS RTOS Condition cause : null
2023-10-05 17:19:37,925 [WARN] PackLoader:238 - Cannot read IP mode file for STMicroelectronics.X-CUBE-NFC7.1.0.1
2023-10-05 17:19:37,948 [WARN] PackLoader:238 - Cannot read IP mode file for STMicroelectronics.X-CUBE-NFC6.3.0.0
2023-10-05 17:19:37,967 [WARN] PackLoader:238 - Cannot read IP mode file for STMicroelectronics.X-CUBE-EEPRMA1.4.1.0
2023-10-05 17:19:37,983 [INFO] DbMcusJson:93 - JSON generation date=Tue Nov 16 23:17:54 ICT 2021 (1637079474)
2023-10-05 17:19:37,983 [WARN] PackLoader:238 - Cannot read IP mode file for STMicroelectronics.X-CUBE-AI.8.1.0
2023-10-05 17:19:38,032 [WARN] ConditionMgr:437 - getConditionDescription Invalid condition id : LAN8742 Phy interface Condition cause : null
2023-10-05 17:19:38,032 [WARN] PackLoader:238 - Cannot read IP mode file for STMicroelectronics.X-CUBE-AZRTOS-L4.2.0.0
2023-10-05 17:19:38,032 [WARN] ConditionMgr:1038 - genDependencies : Invalid condition id : LAN8742 Phy interface Condition cause : null
2023-10-05 17:19:38,032 [WARN] ConditionMgr:1038 - genDependencies : Invalid condition id : LAN8742 Phy interface Condition cause : null
2023-10-05 17:19:38,046 [WARN] ConditionMgr:1038 - genDependencies : Invalid condition id : LAN8742 Phy interface Condition cause : null
2023-10-05 17:19:38,069 [WARN] PackLoader:238 - Cannot read IP mode file for STMicroelectronics.X-CUBE-SFXS2LP1.4.0.0
2023-10-05 17:19:38,078 [WARN] PackLoader:238 - Cannot read IP mode file for STMicroelectronics.X-CUBE-ISPU.1.1.0
2023-10-05 17:19:38,126 [WARN] ConditionMgr:437 - getConditionDescription Invalid condition id : UX DEVICE CLASS RTOS Condition cause : null
2023-10-05 17:19:38,126 [WARN] ConditionMgr:437 - getConditionDescription Invalid condition id : UX DEVICE CLASS RTOS Condition cause : null
2023-10-05 17:19:38,126 [WARN] PackLoader:238 - Cannot read IP mode file for STMicroelectronics.X-CUBE-AZRTOS-WB.2.0.0
2023-10-05 17:19:38,126 [WARN] ConditionMgr:1038 - genDependencies : Invalid condition id : UX DEVICE CLASS RTOS Condition cause : null
2023-10-05 17:19:38,126 [WARN] ConditionMgr:1038 - genDependencies : Invalid condition id : UX DEVICE CLASS RTOS Condition cause : null
2023-10-05 17:19:38,126 [WARN] ConditionMgr:1038 - genDependencies : Invalid condition id : UX DEVICE CLASS RTOS Condition cause : null
2023-10-05 17:19:38,126 [WARN] ConditionMgr:1038 - genDependencies : Invalid condition id : UX DEVICE CLASS RTOS Condition cause : null
2023-10-05 17:19:38,126 [WARN] ConditionMgr:1038 - genDependencies : Invalid condition id : UX DEVICE CLASS RTOS Condition cause : null
2023-10-05 17:19:38,157 [WARN] PackLoader:238 - Cannot read IP mode file for STMicroelectronics.X-CUBE-SUBG2.5.0.0
2023-10-05 17:19:38,189 [ERROR] Engine:463 - C:\Users\Admin\.stm32cubemx\thirdparties\pdsc\STMicroelectronics.X-CUBE-TOF1.3.3.1.pdsc: PDSC version is not supported
2023-10-05 17:19:38,238 [WARN] PackLoader:238 - Cannot read IP mode file for STMicroelectronics.X-CUBE-AZRTOS-G4.2.0.0
2023-10-05 17:19:38,252 [ERROR] Engine:463 - C:\Users\Admin\.stm32cubemx\thirdparties\pdsc\STMicroelectronics.X-CUBE-FREERTOS.1.1.0.pdsc: PDSC version is not supported
2023-10-05 17:19:38,269 [WARN] PackLoader:238 - Cannot read IP mode file for portGmbH.I-Cube-SoM-uGOAL.1.1.0
2023-10-05 17:19:38,299 [WARN] PackLoader:238 - Cannot read IP mode file for STMicroelectronics.X-CUBE-ALS.1.0.1
2023-10-05 17:19:38,302 [WARN] PackLoader:238 - Cannot read IP mode file for STMicroelectronics.FP-ATR-ASTRA1.2.0.0
2023-10-05 17:19:38,315 [INFO] ThirdParty:915 - Integrity check success = true
2023-10-05 17:19:38,315 [INFO] IntegrityCheckThread:94 - exiting critical section [integrity check]
2023-10-05 17:19:38,315 [INFO] IntegrityCheckThread:97 - End integrity checks thread
2023-10-05 17:19:38,930 [INFO] DbMcus:175 - Found 1951 MCUs (1903 are supported by CubeMX, 1914 are visible in CubeMX)
2023-10-05 17:19:38,930 [INFO] ApiDb:251 - Load user favorites file C:\Users\Admin/.stm32cubeide/favorites.mcus.txt: 0 item(s)
2023-10-05 17:19:38,930 [INFO] ApiDb:255 - User favorites MCUs=[]
2023-10-05 17:19:38,930 [INFO] DbMcus:187 - Set 0 / 0 favorites MCUs
2023-10-05 17:19:39,562 [INFO] DetailPanel:309 - Set advertising image to C:/Users/Admin/STM32Cube/Repository/\en.prom-stm32h5-mcu-finder.jpg
2023-10-05 17:19:40,149 [INFO] DbBoardsPdsc:90 - Found 25 items
2023-10-05 17:19:40,165 [INFO] DbBoardsPdsc:90 - Found 9 items
2023-10-05 17:19:40,180 [INFO] DbBoardsPdsc:90 - Found 33 items
2023-10-05 17:19:40,203 [INFO] DbBoardsPdsc:90 - Found 1 items
2023-10-05 17:19:40,229 [INFO] DbBoardsPdsc:90 - Found 48 items
2023-10-05 17:19:40,244 [INFO] DbBoardsPdsc:90 - Found 43 items
2023-10-05 17:19:40,261 [INFO] DbBoardsPdsc:90 - Found 2 items
2023-10-05 17:19:40,275 [INFO] DbBoardsPdsc:90 - Found 5 items
2023-10-05 17:19:40,291 [WARN] DbBoardsPdsc:254 - Board STM32H7B3I-DK: unknown feature type=Audio, name=, username=Audio stereo codec with Headphone Amp (CS42L51-CNZ), n=1
2023-10-05 17:19:40,291 [WARN] DbBoardsPdsc:254 - Board STM32H735G-DK: unknown feature type=Audio, name=, username=Audio stereo codec with Headphone Amp (WM8994ECS/R), n=1
2023-10-05 17:19:40,291 [WARN] DbBoardsPdsc:254 - Board STM32H7B3I-EVAL: unknown feature type=Audio, name=, username=Multi-Channel Audio Codec (CS42L51-CNZ), n=1
2023-10-05 17:19:40,291 [WARN] DbBoardsPdsc:254 - Board STM32H7B3I-EVAL: unknown feature type=Meter, name=, username=Power-metering and Temperature-monitoring with sigma-delta modulators, n=1
2023-10-05 17:19:40,291 [WARN] DbBoardsPdsc:254 - Board STM32H7B3I-EVAL: unknown feature type=Motor, name=, username=Motor Control, n=1
2023-10-05 17:19:40,291 [WARN] DbBoardsPdsc:254 - Board STM32U575I-EV: unknown feature type=joystick, name=, username=4-direction joystick with selection button, n=1
2023-10-05 17:19:40,355 [INFO] DbBoardsJson:86 - JSON generation date=Tue Nov 16 23:17:54 ICT 2021 (1637079474)
2023-10-05 17:19:40,355 [INFO] DbBoards:117 - Found 167 boards (163 are supported by CubeMX)
2023-10-05 17:19:40,370 [INFO] DbBoardsDocs:143 - JSON generation date=Tue Nov 16 23:17:54 ICT 2021 (1637079474)
2023-10-05 17:19:40,386 [INFO] DbBoardsDocs:79 - Found 209 boards documents
2023-10-05 17:19:40,386 [WARN] DbBoards:127 - board B-L475E-IOT01A2 has no document id list !
2023-10-05 17:19:40,386 [WARN] DbBoards:127 - board NUCLEO-H743ZI has no document id list !
2023-10-05 17:19:40,386 [WARN] DbBoards:127 - board NUCLEO-WL55JC2 has no document id list !
2023-10-05 17:19:40,386 [WARN] DbBoards:127 - board P-NUCLEO-WB55-Nucleo has no document id list !
2023-10-05 17:19:40,386 [WARN] DbBoards:127 - board P-NUCLEO-WB55-USBDongle has no document id list !
2023-10-05 17:19:40,386 [WARN] DbBoards:127 - board STEVAL-BFA001V1B has no document id list !
2023-10-05 17:19:40,386 [WARN] DbBoards:127 - board STEVAL-BFA001V2B has no document id list !
2023-10-05 17:19:40,386 [WARN] DbBoards:127 - board STEVAL-IDP005V1 has no document id list !
2023-10-05 17:19:40,386 [WARN] DbBoards:127 - board STEVAL-IDP005V2 has no document id list !
2023-10-05 17:19:40,386 [WARN] DbBoards:127 - board STEVAL-MKSBOX1V1 has no document id list !
2023-10-05 17:19:40,386 [WARN] DbBoards:127 - board STEVAL-STWINKT1 has no document id list !
2023-10-05 17:19:40,386 [WARN] DbBoards:127 - board STEVAL-STWINKT1B has no document id list !
2023-10-05 17:19:40,386 [WARN] DbBoards:127 - board STM32439I-EVAL2 has no document id list !
2023-10-05 17:19:40,386 [WARN] DbBoards:127 - board STM32F401C-DISCO has no document id list !
2023-10-05 17:19:40,386 [WARN] DbBoards:127 - board STM32F769I-DISC1 has no document id list !
2023-10-05 17:19:40,386 [WARN] DbBoards:127 - board STM32G474E-EVAL1 has no document id list !
2023-10-05 17:19:40,386 [WARN] DbBoards:127 - board STM32H743I-EVAL2 has no document id list !
2023-10-05 17:19:40,386 [WARN] DbBoards:127 - board STM32H747I-DISC1 has no document id list !
2023-10-05 17:19:40,386 [WARN] DbBoards:127 - board STM32H753I-EVAL2 has no document id list !
2023-10-05 17:19:40,386 [WARN] DbBoards:127 - board STM32L-DISCOVERY has no document id list !
2023-10-05 17:19:40,609 [ERROR] DbBoards:189 - Image file not found for board B-U585I-IOT02A: D:\DaiHoc\HK5\VXL\stm32cubeide_1.7.0\STM32CubeIDE\plugins\com.st.stm32cube.common.mx_6.3.0.202107141111\\db\/plugins/mcufinder/images/boards/B-U585I-IOT02A_small.jpg
2023-10-05 17:19:40,804 [ERROR] DbBoards:189 - Image file not found for board NUCLEO-F413ZH: D:\DaiHoc\HK5\VXL\stm32cubeide_1.7.0\STM32CubeIDE\plugins\com.st.stm32cube.common.mx_6.3.0.202107141111\\db\/plugins/mcufinder/images/boards/nucleo-f413zh_small.jpg
2023-10-05 17:19:41,115 [ERROR] DbBoards:189 - Image file not found for board NUCLEO-L552ZE-Q: D:\DaiHoc\HK5\VXL\stm32cubeide_1.7.0\STM32CubeIDE\plugins\com.st.stm32cube.common.mx_6.3.0.202107141111\\db\/plugins/mcufinder/images/boards/nucleo_l552ze_q_small.jpg
2023-10-05 17:19:41,115 [ERROR] DbBoards:189 - Image file not found for board NUCLEO-U575ZI-Q: D:\DaiHoc\HK5\VXL\stm32cubeide_1.7.0\STM32CubeIDE\plugins\com.st.stm32cube.common.mx_6.3.0.202107141111\\db\/plugins/mcufinder/images/boards/nucleo-u575zi-q_small.jpg
2023-10-05 17:19:41,115 [ERROR] DbBoards:189 - Image file not found for board NUCLEO-WB15CC: D:\DaiHoc\HK5\VXL\stm32cubeide_1.7.0\STM32CubeIDE\plugins\com.st.stm32cube.common.mx_6.3.0.202107141111\\db\/plugins/mcufinder/images/boards/nucleo-wb15cc_small.jpg
2023-10-05 17:19:41,115 [ERROR] DbBoards:189 - Image file not found for board NUCLEO-WB55RG: D:\DaiHoc\HK5\VXL\stm32cubeide_1.7.0\STM32CubeIDE\plugins\com.st.stm32cube.common.mx_6.3.0.202107141111\\db\/plugins/mcufinder/images/boards/nucleo-wb55rg_small.jpg
2023-10-05 17:19:43,473 [INFO] ApiDb:251 - Load user favorites file C:\Users\Admin/.stm32cubeide/favorites.boards.txt: 0 item(s)
2023-10-05 17:19:43,473 [INFO] ApiDb:255 - User favorites Boards=[]
2023-10-05 17:19:43,473 [INFO] DbBoards:206 - Set 0 / 0 favorites Boards
2023-10-05 17:19:56,864 [INFO] McuFinderGlobals:52 - Set McuFinderConnectedMode to true
2023-10-05 17:19:56,869 [INFO] ApiDb:276 - Save user favorites file C:\Users\Admin/.stm32cubeide/favorites.mcus.txt: 0 item(s)
2023-10-05 17:19:56,869 [INFO] ApiDb:280 - User favorites MCUs=[]
